<?xml version="1.0" encoding="UTF-8"?>
<!-- Generated by org.testng.reporters.JUnitReportReporter -->
<testsuite hostname="DESKTOP-Q28BER4" failures="0" tests="1" name="TestNGBasics.PlaceOrder" time="0.002" errors="0" timestamp="2023-08-28T17:57:28 IST" skipped="0">
  <testcase classname="TestNGBasics.PlaceOrder" name="plcaceOrder" time="0.002"/>
</testsuite> <!-- TestNGBasics.PlaceOrder -->
