<?xml version="1.0" encoding="UTF-8"?>
<!-- Generated by org.testng.reporters.JUnitReportReporter -->
<testsuite hostname="DESKTOP-Q28BER4" failures="0" tests="1" name="TestNGBasics.Register" time="0.005" errors="0" timestamp="2023-08-28T17:52:27 IST" skipped="0">
  <testcase classname="TestNGBasics.Register" name="register" time="0.005"/>
</testsuite> <!-- TestNGBasics.Register -->
