<?xml version="1.0" encoding="UTF-8"?>
<!-- Generated by org.testng.reporters.JUnitReportReporter -->
<testsuite hostname="DESKTOP-Q28BER4" failures="0" tests="3" name="TestNGBasics.TestNgPracticeClass" time="3.421" errors="0" timestamp="2023-08-28T17:35:07 IST" skipped="0">
  <testcase classname="TestNGBasics.TestNgPracticeClass" name="addToCart" time="0.001"/>
  <testcase classname="TestNGBasics.TestNgPracticeClass" name="register" time="3.419"/>
  <testcase classname="TestNGBasics.TestNgPracticeClass" name="login" time="0.001"/>
</testsuite> <!-- TestNGBasics.TestNgPracticeClass -->
