<?xml version="1.0" encoding="UTF-8"?>
<!-- Generated by org.testng.reporters.JUnitReportReporter -->
<testsuite hostname="DESKTOP-Q28BER4" failures="0" tests="4" name="TestNGBasics.LearningDataProvider" time="32.149" errors="0" timestamp="2023-08-29T12:05:00 IST" skipped="0">
  <testcase classname="TestNGBasics.LearningDataProvider" name="login" time="8.095"/>
  <testcase classname="TestNGBasics.LearningDataProvider" name="login" time="7.988"/>
  <testcase classname="TestNGBasics.LearningDataProvider" name="login" time="8.017"/>
  <testcase classname="TestNGBasics.LearningDataProvider" name="login" time="8.049"/>
</testsuite> <!-- TestNGBasics.LearningDataProvider -->
