<?xml version="1.0" encoding="UTF-8"?>
<!-- Generated by org.testng.reporters.JUnitReportReporter -->
<testsuite hostname="DESKTOP-Q28BER4" failures="0" tests="2" name="TestNGBasics.ConfigurationAnnotations" time="0.030" errors="0" timestamp="2023-08-28T17:35:07 IST" skipped="0">
  <testcase classname="TestNGBasics.ConfigurationAnnotations" name="testMethod2" time="0.008"/>
  <testcase classname="TestNGBasics.ConfigurationAnnotations" name="testMethod" time="0.022"/>
</testsuite> <!-- TestNGBasics.ConfigurationAnnotations -->
