<?xml version="1.0" encoding="UTF-8"?>
<!-- Generated by org.testng.reporters.JUnitReportReporter -->
<testsuite hostname="DESKTOP-Q28BER4" failures="0" tests="1" name="TestNGBasics.DeleteFromCart" time="0.000" errors="0" timestamp="2023-08-28T17:57:28 IST" skipped="0">
  <testcase classname="TestNGBasics.DeleteFromCart" name="delete" time="0.000"/>
</testsuite> <!-- TestNGBasics.DeleteFromCart -->
